22 S 2nd St, Campbell
37.2867674 -121.9458989
10307 Mary Ave, Cupertino
37.3261555 -122.0500777
107 East El Camino Real, Sunnyvale
37.3676644 -122.0313587
844 E El Camino Real, Mountain View, CA
37.38608800000001 -122.0843751
El Camino at Castro, Mountain View, CA
37.3857072 -122.0839806
El Camino at Rengstorff, Mountain View, CA
37.39569729999999 -122.1019897
El Camino at San Antonio, Mountain View, CA
37.4013811 -122.1136215
El Camino at Charleston, Mountain View, CA
37.4141716 -122.125309
Page Mill at El Camino, Mountain View, CA
37.3860517 -122.0838511
168 Willow Rd, Menlo Park
37.4560745 -122.1631579
Merrill St at Santa Cruz Ave, Menlo Park
37.4543112 -122.1823456
E Middlefield at Whisman
37.3971777 -122.0595384
W Middlefield at Moffett
37.4004674 -122.073008
W Middlefield at Shoreline
37.4063543 -122.0781004
W Middlefield at Farley
37.4096064 -122.0869337
W. Middlefield Rd at Thaddeus
37.4122074 -122.097773
3373 Middlefield Rd
37.4272721 -122.1185885
Middlefield at Webster
37.4341783 -122.1305604
Middlefield at Channing
37.4476024 -122.1518241
254 Hamilton, Palo Alto
37.4445449 -122.160865
355 Middlefield, Palo Alto
37.4517092 -122.1583132
Mission Park & Ride, Fremont
37.540183 -121.923239
Walnut Ave & Guardino Dr, Fremont
37.5593072 -121.9710732
Fremont BART Station, Fremont
37.557281 -121.975798
Fremont Amtrak/ACE Station, Fremont
37.5585461 -122.0076317
Fremont Blvd & Decoto Rd, Fremont
37.5707765 -122.0324161
Paseo Padre & Deep Creek, Fremont
37.5676826 -122.0522045
Norvik Park, Fremont
37.55596540000001 -122.059952
Palo Alto Caltrain Station
37.44307 -122.1649
Menlo Park Caltrain Station
37.45418 -122.18202
Mountain View Caltrain Station
37.3943 -122.0757985
San Bruno Caltrain Station
37.621572 -122.406408
Millbrae Caltrain Station
37.600006 -122.386534
Burlingame Caltrain Station
37.579719 -122.345266
San Mateo Caltrain Station
37.568209 -122.323933
Hayward Park Caltrain Station
37.552346 -122.308916
Hillsdale Caltrain Station
37.537503 -122.298001
Belmont Caltrain Station
37.520504 -122.276075
San Carlos Caltrain Station
37.507361 -122.260365
Redwood City Caltrain Station
37.485412 -122.231957
California Ave Caltrain Station
37.428835 -122.142703
San Antonio Caltrain Station
37.407157 -122.107231
Sunnyvale Caltrain Station
37.3783912 -122.0308354
Lawrence Caltrain Station
37.371578 -121.996982
Santa Clara Caltrain Station
37.35305510000001 -121.9366709
College Park Caltrain Station
37.34217 -121.914998
San Jose Diridon Caltrain Station
37.3304192 -121.9021291
Facebook Campus
37.4841164 -122.1482444
